<?xml version="1.0" encoding="UTF-8"?>
<!-- Generated by org.testng.reporters.JUnitXMLReporter -->
<testsuite hostname="DESKTOP-12OPCTM" ignored="0" tests="1" failures="1" timestamp="2020-09-30T17:25:32 AMT" time="24.198" errors="0">
  <testcase name="verifyPopupSectionHasCorrectFunctionality" time="12.708" classname="BasePageTest">
    <failure type="java.lang.AssertionError" message="The following asserts failed:
	The string is incorrect,  expected [No thanks, I don&amp;apos;t like discounts] but found [No thnx, I don&amp;apos;t like discounts],
	Click on &amp;apos;Send me a coupon&amp;apos; button not redirected to correct page expected [true] but found [false]">
      <![CDATA[java.lang.AssertionError: The following asserts failed:
The string is incorrect,  expected [No thanks, I don't like discounts] but found [No thnx, I don't like discounts],
Click on 'Send me a coupon' button not redirected to correct page expected [true] but found [false]
at BasePageTest.verifyPopupSectionHasCorrectFunctionality(BasePageTest.java:44)
at java.util.ArrayList.forEach(ArrayList.java:1259)
at com.intellij.rt.testng.IDEARemoteTestNG.run(IDEARemoteTestNG.java:66)
at com.intellij.rt.testng.RemoteTestNGStarter.main(RemoteTestNGStarter.java:109)
... Removed 26 stack frames]]>
    </failure>
  </testcase> <!-- verifyPopupSectionHasCorrectFunctionality -->
</testsuite>
